build/app/outputs/mapping/release/mapping.txt
# compiler: R8
# compiler_version: 1.5.64
# min_api: 21
# pg_map_id: 5c84fd9
...
com.google.android.exoplayer2.source.ForwardingTimeline -> d.f.a.a.b2.u:
    com.google.android.exoplayer2.Timeline timeline -> b
    int getFirstWindowIndex(boolean) -> a
    int getIndexOfPeriod(java.lang.Object) -> a
    int getNextWindowIndex(int,int,boolean) -> a
    com.google.android.exoplayer2.Timeline$Period getPeriod(int,com.google.android.exoplayer2.Timeline$Period,boolean) -> a
    int getPeriodCount() -> a
    java.lang.Object getUidOfPeriod(int) -> a
    com.google.android.exoplayer2.Timeline$Window getWindow(int,com.google.android.exoplayer2.Timeline$Window,long) -> a
    int getLastWindowIndex(boolean) -> b
    int getWindowCount() -> b
com.google.android.exoplayer2.source.IcyDataSource -> d.f.a.a.b2.v:
    com.google.android.exoplayer2.source.IcyDataSource$Listener listener -> c
    int bytesUntilMetadata -> e
    com.google.android.exoplayer2.upstream.DataSource upstream -> a
    int metadataIntervalBytes -> b
    byte[] metadataLengthByteHolder -> d
    void addTransferListener(com.google.android.exoplayer2.upstream.TransferListener) -> a
    java.util.Map getResponseHeaders() -> a
    long open(com.google.android.exoplayer2.upstream.DataSpec) -> a
    android.net.Uri getUri() -> b
    boolean readMetadata() -> c
com.google.android.exoplayer2.source.IcyDataSource$Listener -> d.f.a.a.b2.v$a:
    void onIcyMetadata(com.google.android.exoplayer2.util.ParsableByteArray) -> a
com.google.android.exoplayer2.source.LoadEventInfo -> d.f.a.a.b2.w:
    java.util.concurrent.atomic.AtomicLong idSource -> b
    long loadDurationMs -> a
    long getNewId() -> a
com.google.android.exoplayer2.source.MaskingMediaPeriod -> d.f.a.a.b2.x:
    com.google.android.exoplayer2.source.MediaPeriod$Callback callback -> y
    com.google.android.exoplayer2.source.MaskingMediaPeriod$PrepareListener listener -> O1
    long preparePositionUs -> N1
    com.google.android.exoplayer2.source.MediaSource mediaSource -> c
    boolean notifiedPrepareError -> P1
    com.google.android.exoplayer2.upstream.Allocator allocator -> q
    com.google.android.exoplayer2.source.MediaSource$MediaPeriodId id -> d
    com.google.android.exoplayer2.source.MediaPeriod mediaPeriod -> x
    long preparePositionOverrideUs -> Q1
    void createPeriod(com.google.android.exoplayer2.source.MediaSource$MediaPeriodId) -> a
    void discardBuffer(long,boolean) -> a
    long getAdjustedSeekPositionUs(long,com.google.android.exoplayer2.SeekParameters) -> a
    boolean isLoading() -> a
    void onContinueLoadingRequested(com.google.android.exoplayer2.source.SequenceableLoader) -> a
    void onPrepared(com.google.android.exoplayer2.source.MediaPeriod) -> a
    void prepare(com.google.android.exoplayer2.source.MediaPeriod$Callback,long) -> a
    long seekToUs(long) -> a
    long selectTracks(com.google.android.exoplayer2.trackselection.TrackSelection[],boolean[],com.google.android.exoplayer2.source.SampleStream[],boolean[],long) -> a
    boolean continueLoading(long) -> b
    long getPreparePositionOverrideUs() -> b
com.google.android.exoplayer2.source.MaskingMediaPeriod$PrepareListener -> d.f.a.a.b2.x$a:
    void onPrepareComplete(com.google.android.exoplayer2.source.MediaSource$MediaPeriodId) -> a
    void onPrepareError(com.google.android.exoplayer2.source.MediaSource$MediaPeriodId,java.io.IOException) -> a